This file contains any messages produced by compilers while
running configure, to aid debugging if configure makes a mistake.

It was created by configure, which was
generated by GNU Autoconf 2.52.  Invocation command line was

  $ ./configure 

## ---------- ##
## Platform.  ##
## ---------- ##

hostname = karan-e8da2e329
uname -m = i686
uname -r = 2.5.2(0.297/5/3)
uname -s = CYGWIN_NT-5.1
uname -v = 2016-06-23 14:27

/usr/bin/uname -p = unknown
/bin/uname -X     = unknown

/bin/arch              = i686
/usr/bin/arch -k       = unknown
/usr/convex/getsysinfo = unknown
hostinfo               = unknown
/bin/machine           = unknown
/usr/bin/oslevel       = unknown
/bin/universe          = unknown

PATH = /usr/local/bin:/usr/bin:/cygdrive/c/WINDOWS/system32:/cygdrive/c/WINDOWS:/cygdrive/c/WINDOWS/System32/Wbem:/cygdrive/c/Program Files/Microsoft Visual Studio/Common/Tools/WinNT:/cygdrive/c/Program Files/Microsoft Visual Studio/Common/MSDev98/Bin:/cygdrive/c/Program Files/Microsoft Visual Studio/Common/Tools:/cygdrive/c/Program Files/Microsoft Visual Studio/VC98/bin

## ------------ ##
## Core tests.  ##
## ------------ ##

configure:975: PATH=".;."; conftest.sh
./configure: line 976: conftest.sh: command not found
configure:978: $? = 127
configure:1020: checking build system type
configure:1038: result: i686-pc-cygwin
configure:1045: checking host system type
configure:1059: result: i686-pc-cygwin
configure:1066: checking versionless os name
configure:1084: result: win32
configure:1158: checking for gcc
configure:1184: result: no
configure:1232: checking for cc
configure:1258: result: no
configure:1271: checking for cc
configure:1316: result: no
configure:1366: checking for cl
configure:1381: found /cygdrive/c/Program Files/Microsoft Visual Studio/VC98/bin/cl
configure:1389: result: cl
configure:1409: checking for C compiler version
configure:1412: cl --version </dev/null >&5
Microsoft (R) 32-bit C/C++ Optimizing Compiler Version 12.00.8804 for 80x86
Copyright (C) Microsoft Corp 1984-1998. All rights reserved.

Command line warning D4002 : ignoring unknown option '--version'
Command line error D2003 : missing source filename
configure:1415: $? = 2
configure:1417: cl -v </dev/null >&5
Microsoft (R) 32-bit C/C++ Optimizing Compiler Version 12.00.8804 for 80x86
Copyright (C) Microsoft Corp 1984-1998. All rights reserved.

Command line warning D4002 : ignoring unknown option '-v'
Command line error D2003 : missing source filename
configure:1420: $? = 2
configure:1422: cl -V </dev/null >&5
Microsoft (R) 32-bit C/C++ Optimizing Compiler Version 12.00.8804 for 80x86
Copyright (C) Microsoft Corp 1984-1998. All rights reserved.

Command line error D2004 : '/V' requires an argument
configure:1425: $? = 2
configure:1445: checking for C compiler default output
configure:1448: cl    conftest.c  >&5
Microsoft (R) 32-bit C/C++ Optimizing Compiler Version 12.00.8804 for 80x86
Copyright (C) Microsoft Corp 1984-1998. All rights reserved.

conftest.c
Microsoft (R) Incremental Linker Version 6.00.8447
Copyright (C) Microsoft Corp 1992-1998. All rights reserved.

/out:conftest.exe 
conftest.obj 
configure:1451: $? = 0
configure:1480: result: conftest.exe
configure:1485: checking whether the C compiler works
configure:1491: ./conftest.exe
configure:1494: $? = 0
configure:1509: result: yes
configure:1516: checking whether we are cross compiling
configure:1518: result: no
configure:1521: checking for executable suffix
configure:1523: cl -o conftest.exe    conftest.c  >&5
Microsoft (R) 32-bit C/C++ Optimizing Compiler Version 12.00.8804 for 80x86
Copyright (C) Microsoft Corp 1984-1998. All rights reserved.

conftest.c
Microsoft (R) Incremental Linker Version 6.00.8447
Copyright (C) Microsoft Corp 1992-1998. All rights reserved.

/out:conftest.exe 
/out:conftest.exe 
conftest.obj 
configure:1526: $? = 0
configure:1548: result: .exe
configure:1554: checking for object suffix
configure:1572: cl -c   conftest.c >&5
Microsoft (R) 32-bit C/C++ Optimizing Compiler Version 12.00.8804 for 80x86
Copyright (C) Microsoft Corp 1984-1998. All rights reserved.

conftest.c
configure:1575: $? = 0
configure:1594: result: obj
configure:1598: checking whether we are using the GNU C compiler
configure:1619: cl -c   conftest.c >&5
Microsoft (R) 32-bit C/C++ Optimizing Compiler Version 12.00.8804 for 80x86
Copyright (C) Microsoft Corp 1984-1998. All rights reserved.

conftest.c
configure(1610) : error C2065: 'choke' : undeclared identifier
configure(1610) : error C2146: syntax error : missing ';' before identifier 'me'
configure(1613) : error C2065: 'me' : undeclared identifier
configure:1622: $? = 2
configure: failed program was:
#line 1604 "configure"
#include "confdefs.h"

int
main ()
{
#ifndef __GNUC__
       choke me
#endif

  ;
  return 0;
}
configure:1640: result: no
configure:1646: checking whether cl accepts -g
configure:1664: cl -c -g  conftest.c >&5
Microsoft (R) 32-bit C/C++ Optimizing Compiler Version 12.00.8804 for 80x86
Copyright (C) Microsoft Corp 1984-1998. All rights reserved.

Command line warning D4002 : ignoring unknown option '-g'
conftest.c
configure:1667: $? = 0
configure:1670: test -s conftest.obj
configure:1673: $? = 0
configure:1683: result: yes
configure:1710: cl -c -g  conftest.c >&5
Microsoft (R) 32-bit C/C++ Optimizing Compiler Version 12.00.8804 for 80x86
Copyright (C) Microsoft Corp 1984-1998. All rights reserved.

Command line warning D4002 : ignoring unknown option '-g'
conftest.c
conftest.c(2) : error C2061: syntax error : identifier 'me'
conftest.c(2) : error C2059: syntax error : ';'
configure:1713: $? = 2
configure: failed program was:
#ifndef __cplusplus
  choke me
#endif
configure:1813: checking for cl
configure:1830: found /cygdrive/c/Program Files/Microsoft Visual Studio/VC98/bin/cl
configure:1842: result: /cygdrive/c/Program Files/Microsoft Visual Studio/VC98/bin/cl
configure:1898: checking for g++
configure:1924: result: no
configure:1898: checking for c++
configure:1924: result: no
configure:1898: checking for gpp
configure:1924: result: no
configure:1898: checking for aCC
configure:1924: result: no
configure:1898: checking for CC
configure:1924: result: no
configure:1898: checking for cxx
configure:1924: result: no
configure:1898: checking for cc++
configure:1924: result: no
configure:1898: checking for cl
configure:1913: found /cygdrive/c/Program Files/Microsoft Visual Studio/VC98/bin/cl
configure:1921: result: cl
configure:1936: checking for C++ compiler version
configure:1939: cl --version </dev/null >&5
Microsoft (R) 32-bit C/C++ Optimizing Compiler Version 12.00.8804 for 80x86
Copyright (C) Microsoft Corp 1984-1998. All rights reserved.

Command line warning D4002 : ignoring unknown option '--version'
Command line error D2003 : missing source filename
configure:1942: $? = 2
configure:1944: cl -v </dev/null >&5
Microsoft (R) 32-bit C/C++ Optimizing Compiler Version 12.00.8804 for 80x86
Copyright (C) Microsoft Corp 1984-1998. All rights reserved.

Command line warning D4002 : ignoring unknown option '-v'
Command line error D2003 : missing source filename
configure:1947: $? = 2
configure:1949: cl -V </dev/null >&5
Microsoft (R) 32-bit C/C++ Optimizing Compiler Version 12.00.8804 for 80x86
Copyright (C) Microsoft Corp 1984-1998. All rights reserved.

Command line error D2004 : '/V' requires an argument
configure:1952: $? = 2
configure:1955: checking whether we are using the GNU C++ compiler
configure:1976: cl -c   conftest.cc >&5
Microsoft (R) 32-bit C/C++ Optimizing Compiler Version 12.00.8804 for 80x86
Copyright (C) Microsoft Corp 1984-1998. All rights reserved.

Command line warning D4024 : unrecognized source file type 'conftest.cc', object file assumed
Command line warning D4027 : source file 'conftest.cc' ignored
Command line warning D4021 : no action performed
configure:1979: $? = 0
configure:1982: test -s conftest.obj
configure:1985: $? = 1
configure: failed program was:
#line 1961 "configure"
#include "confdefs.h"

int
main ()
{
#ifndef __GNUC__
       choke me
#endif

  ;
  return 0;
}
configure:1997: result: no
configure:2003: checking whether cl accepts -g
configure:2021: cl -c -g  conftest.cc >&5
Microsoft (R) 32-bit C/C++ Optimizing Compiler Version 12.00.8804 for 80x86
Copyright (C) Microsoft Corp 1984-1998. All rights reserved.

Command line warning D4002 : ignoring unknown option '-g'
Command line warning D4024 : unrecognized source file type 'conftest.cc', object file assumed
Command line warning D4027 : source file 'conftest.cc' ignored
Command line warning D4021 : no action performed
configure:2024: $? = 0
configure:2027: test -s conftest.obj
configure:2030: $? = 1
configure: failed program was:
#line 2009 "configure"
#include "confdefs.h"

int
main ()
{

  ;
  return 0;
}
configure:2040: result: no
configure:2080: cl -c   conftest.cc >&5
Microsoft (R) 32-bit C/C++ Optimizing Compiler Version 12.00.8804 for 80x86
Copyright (C) Microsoft Corp 1984-1998. All rights reserved.

Command line warning D4024 : unrecognized source file type 'conftest.cc', object file assumed
Command line warning D4027 : source file 'conftest.cc' ignored
Command line warning D4021 : no action performed
configure:2083: $? = 0
configure:2086: test -s conftest.obj
configure:2089: $? = 1
configure: failed program was:
#line 2067 "configure"
#include "confdefs.h"
#include <stdlib.h>

int
main ()
{
exit (42);
  ;
  return 0;
}
configure:2080: cl -c   conftest.cc >&5
Microsoft (R) 32-bit C/C++ Optimizing Compiler Version 12.00.8804 for 80x86
Copyright (C) Microsoft Corp 1984-1998. All rights reserved.

Command line warning D4024 : unrecognized source file type 'conftest.cc', object file assumed
Command line warning D4027 : source file 'conftest.cc' ignored
Command line warning D4021 : no action performed
configure:2083: $? = 0
configure:2086: test -s conftest.obj
configure:2089: $? = 1
configure: failed program was:
#line 2067 "configure"
#include "confdefs.h"
#include <stdlib.h>
#include <stdlib.h>
int
main ()
{
exit (42);
  ;
  return 0;
}
configure:2080: cl -c   conftest.cc >&5
Microsoft (R) 32-bit C/C++ Optimizing Compiler Version 12.00.8804 for 80x86
Copyright (C) Microsoft Corp 1984-1998. All rights reserved.

Command line warning D4024 : unrecognized source file type 'conftest.cc', object file assumed
Command line warning D4027 : source file 'conftest.cc' ignored
Command line warning D4021 : no action performed
configure:2083: $? = 0
configure:2086: test -s conftest.obj
configure:2089: $? = 1
configure: failed program was:
#line 2067 "configure"
#include "confdefs.h"
#include <stdlib.h>
extern "C" void std::exit (int) throw (); using std::exit;
int
main ()
{
exit (42);
  ;
  return 0;
}
configure:2080: cl -c   conftest.cc >&5
Microsoft (R) 32-bit C/C++ Optimizing Compiler Version 12.00.8804 for 80x86
Copyright (C) Microsoft Corp 1984-1998. All rights reserved.

Command line warning D4024 : unrecognized source file type 'conftest.cc', object file assumed
Command line warning D4027 : source file 'conftest.cc' ignored
Command line warning D4021 : no action performed
configure:2083: $? = 0
configure:2086: test -s conftest.obj
configure:2089: $? = 1
configure: failed program was:
#line 2067 "configure"
#include "confdefs.h"
#include <stdlib.h>
extern "C" void std::exit (int); using std::exit;
int
main ()
{
exit (42);
  ;
  return 0;
}
configure:2080: cl -c   conftest.cc >&5
Microsoft (R) 32-bit C/C++ Optimizing Compiler Version 12.00.8804 for 80x86
Copyright (C) Microsoft Corp 1984-1998. All rights reserved.

Command line warning D4024 : unrecognized source file type 'conftest.cc', object file assumed
Command line warning D4027 : source file 'conftest.cc' ignored
Command line warning D4021 : no action performed
configure:2083: $? = 0
configure:2086: test -s conftest.obj
configure:2089: $? = 1
configure: failed program was:
#line 2067 "configure"
#include "confdefs.h"
#include <stdlib.h>
extern "C" void exit (int) throw ();
int
main ()
{
exit (42);
  ;
  return 0;
}
configure:2080: cl -c   conftest.cc >&5
Microsoft (R) 32-bit C/C++ Optimizing Compiler Version 12.00.8804 for 80x86
Copyright (C) Microsoft Corp 1984-1998. All rights reserved.

Command line warning D4024 : unrecognized source file type 'conftest.cc', object file assumed
Command line warning D4027 : source file 'conftest.cc' ignored
Command line warning D4021 : no action performed
configure:2083: $? = 0
configure:2086: test -s conftest.obj
configure:2089: $? = 1
configure: failed program was:
#line 2067 "configure"
#include "confdefs.h"
#include <stdlib.h>
extern "C" void exit (int);
int
main ()
{
exit (42);
  ;
  return 0;
}
configure:2080: cl -c   conftest.cc >&5
Microsoft (R) 32-bit C/C++ Optimizing Compiler Version 12.00.8804 for 80x86
Copyright (C) Microsoft Corp 1984-1998. All rights reserved.

Command line warning D4024 : unrecognized source file type 'conftest.cc', object file assumed
Command line warning D4027 : source file 'conftest.cc' ignored
Command line warning D4021 : no action performed
configure:2083: $? = 0
configure:2086: test -s conftest.obj
configure:2089: $? = 1
configure: failed program was:
#line 2067 "configure"
#include "confdefs.h"
#include <stdlib.h>
void exit (int);
int
main ()
{
exit (42);
  ;
  return 0;
}
configure:2144: checking for cl
configure:2161: found /cygdrive/c/Program Files/Microsoft Visual Studio/VC98/bin/cl
configure:2173: result: /cygdrive/c/Program Files/Microsoft Visual Studio/VC98/bin/cl
configure:2185: checking how to run the C preprocessor
configure:2211: cl -E  conftest.c
Microsoft (R) 32-bit C/C++ Optimizing Compiler Version 12.00.8804 for 80x86
Copyright (C) Microsoft Corp 1984-1998. All rights reserved.

conftest.c
configure:2217: $? = 0
configure:2244: cl -E  conftest.c
Microsoft (R) 32-bit C/C++ Optimizing Compiler Version 12.00.8804 for 80x86
Copyright (C) Microsoft Corp 1984-1998. All rights reserved.

conftest.c
configure(2241) : fatal error C1083: Cannot open include file: 'ac_nonexistent.h': No such file or directory
configure:2250: $? = 2
configure: failed program was:
#line 2240 "configure"
#include "confdefs.h"
#include <ac_nonexistent.h>
configure:2287: result: cl -E
configure:2302: cl -E  conftest.c
Microsoft (R) 32-bit C/C++ Optimizing Compiler Version 12.00.8804 for 80x86
Copyright (C) Microsoft Corp 1984-1998. All rights reserved.

conftest.c
configure:2308: $? = 0
configure:2335: cl -E  conftest.c
Microsoft (R) 32-bit C/C++ Optimizing Compiler Version 12.00.8804 for 80x86
Copyright (C) Microsoft Corp 1984-1998. All rights reserved.

conftest.c
configure(2332) : fatal error C1083: Cannot open include file: 'ac_nonexistent.h': No such file or directory
configure:2341: $? = 2
configure: failed program was:
#line 2331 "configure"
#include "confdefs.h"
#include <ac_nonexistent.h>
configure:2385: checking how to run the C++ preprocessor
configure:2407: cl -E  conftest.cc
Microsoft (R) 32-bit C/C++ Optimizing Compiler Version 12.00.8804 for 80x86
Copyright (C) Microsoft Corp 1984-1998. All rights reserved.

conftest.cc
configure:2413: $? = 0
configure:2440: cl -E  conftest.cc
Microsoft (R) 32-bit C/C++ Optimizing Compiler Version 12.00.8804 for 80x86
Copyright (C) Microsoft Corp 1984-1998. All rights reserved.

conftest.cc
configure(2437) : fatal error C1083: Cannot open include file: 'ac_nonexistent.h': No such file or directory
configure:2446: $? = 2
configure: failed program was:
#line 2436 "configure"
#include "confdefs.h"
#include <ac_nonexistent.h>
configure:2483: result: cl -E
configure:2498: cl -E  conftest.cc
Microsoft (R) 32-bit C/C++ Optimizing Compiler Version 12.00.8804 for 80x86
Copyright (C) Microsoft Corp 1984-1998. All rights reserved.

conftest.cc
configure:2504: $? = 0
configure:2531: cl -E  conftest.cc
Microsoft (R) 32-bit C/C++ Optimizing Compiler Version 12.00.8804 for 80x86
Copyright (C) Microsoft Corp 1984-1998. All rights reserved.

conftest.cc
configure(2528) : fatal error C1083: Cannot open include file: 'ac_nonexistent.h': No such file or directory
configure:2537: $? = 2
configure: failed program was:
#line 2527 "configure"
#include "confdefs.h"
#include <ac_nonexistent.h>
configure:2576: checking whether make sets ${MAKE}
configure:2600: result: no
configure:2617: checking for a BSD compatible install
configure:2666: result: /usr/bin/install -c
configure:2677: checking whether ln -s works
configure:2681: result: yes
configure:2690: checking for perl
configure:2707: found /usr/bin/perl
configure:2719: result: /usr/bin/perl
configure:2735: checking for new
configure:2745: cl -E  conftest.cc
Microsoft (R) 32-bit C/C++ Optimizing Compiler Version 12.00.8804 for 80x86
Copyright (C) Microsoft Corp 1984-1998. All rights reserved.

conftest.cc
C:\Program Files\Microsoft Visual Studio\VC98\include\eh.h(32) : fatal error C1189: #error :  "eh.h is only for C++!"
configure:2751: $? = 2
configure: failed program was:
#line 2741 "configure"
#include "confdefs.h"
#include <new>
configure:2770: result: no
configure:2786: checking whether cl has bool
configure:2804: cl -c   conftest.cc >&5
Microsoft (R) 32-bit C/C++ Optimizing Compiler Version 12.00.8804 for 80x86
Copyright (C) Microsoft Corp 1984-1998. All rights reserved.

Command line warning D4024 : unrecognized source file type 'conftest.cc', object file assumed
Command line warning D4027 : source file 'conftest.cc' ignored
Command line warning D4021 : no action performed
configure:2807: $? = 0
configure:2810: test -s conftest.obj
configure:2813: $? = 1
configure: failed program was:
#line 2792 "configure"
#include "confdefs.h"

int
main ()
{
bool b;
  ;
  return 0;
}
configure:2823: result: no
configure:2832: checking whether cl has true
configure:2850: cl -c   conftest.cc >&5
Microsoft (R) 32-bit C/C++ Optimizing Compiler Version 12.00.8804 for 80x86
Copyright (C) Microsoft Corp 1984-1998. All rights reserved.

Command line warning D4024 : unrecognized source file type 'conftest.cc', object file assumed
Command line warning D4027 : source file 'conftest.cc' ignored
Command line warning D4021 : no action performed
configure:2853: $? = 0
configure:2856: test -s conftest.obj
configure:2859: $? = 1
configure: failed program was:
#line 2838 "configure"
#include "confdefs.h"

int
main ()
{
bool b; b=true;
  ;
  return 0;
}
configure:2869: result: no
configure:2878: checking whether cl has false
configure:2896: cl -c   conftest.cc >&5
Microsoft (R) 32-bit C/C++ Optimizing Compiler Version 12.00.8804 for 80x86
Copyright (C) Microsoft Corp 1984-1998. All rights reserved.

Command line warning D4024 : unrecognized source file type 'conftest.cc', object file assumed
Command line warning D4027 : source file 'conftest.cc' ignored
Command line warning D4021 : no action performed
configure:2899: $? = 0
configure:2902: test -s conftest.obj
configure:2905: $? = 1
configure: failed program was:
#line 2884 "configure"
#include "confdefs.h"

int
main ()
{
bool b; b=false
  ;
  return 0;
}
configure:2915: result: no
configure:2936: checking whether placement new is already defined
configure:2962: cl -c   conftest.cc >&5
Microsoft (R) 32-bit C/C++ Optimizing Compiler Version 12.00.8804 for 80x86
Copyright (C) Microsoft Corp 1984-1998. All rights reserved.

Command line warning D4024 : unrecognized source file type 'conftest.cc', object file assumed
Command line warning D4027 : source file 'conftest.cc' ignored
Command line warning D4021 : no action performed
configure:2965: $? = 0
configure:2968: test -s conftest.obj
configure:2971: $? = 1
configure: failed program was:
#line 2942 "configure"
#include "confdefs.h"

#ifdef HAVE_NEW
#  include <new>
#endif

int
main ()
{

        int x;
        int *y;
        y = new(&x) int(5);

  ;
  return 0;
}
configure:2982: result: no
configure:3012: checking whether cl needs extra flags
configure:3065: result: no
configure:3068: checking feature: shared
configure:3081: result: yes
configure:3085: checking how to generate PIC code
configure:3091: error: can't figure out how to generate PIC; define CXXPIC by hand

## ----------------- ##
## Cache variables.  ##
## ----------------- ##

ac_cv_build=i686-pc-cygwin
ac_cv_build_alias=i686-pc-cygwin
ac_cv_c_compiler_gnu=no
ac_cv_cxx_compiler_gnu=no
ac_cv_env_CC_set=
ac_cv_env_CC_value=
ac_cv_env_CFLAGS_set=
ac_cv_env_CFLAGS_value=
ac_cv_env_CPPFLAGS_set=
ac_cv_env_CPPFLAGS_value=
ac_cv_env_CPP_set=
ac_cv_env_CPP_value=
ac_cv_env_CXXCPP_set=
ac_cv_env_CXXCPP_value=
ac_cv_env_CXXFLAGS_set=
ac_cv_env_CXXFLAGS_value=
ac_cv_env_CXX_set=
ac_cv_env_CXX_value=
ac_cv_env_LDFLAGS_set=
ac_cv_env_LDFLAGS_value=
ac_cv_env_build_alias_set=
ac_cv_env_build_alias_value=
ac_cv_env_host_alias_set=
ac_cv_env_host_alias_value=
ac_cv_env_target_alias_set=
ac_cv_env_target_alias_value=
ac_cv_exeext=.exe
ac_cv_header_new=no
ac_cv_host=i686-pc-cygwin
ac_cv_host_alias=i686-pc-cygwin
ac_cv_objext=obj
ac_cv_path_CC_FULL_PATH='/cygdrive/c/Program Files/Microsoft Visual Studio/VC98/bin/cl'
ac_cv_path_CXX_FULL_PATH='/cygdrive/c/Program Files/Microsoft Visual Studio/VC98/bin/cl'
ac_cv_path_PERL=/usr/bin/perl
ac_cv_path_install='/usr/bin/install -c'
ac_cv_prog_CPP='cl -E'
ac_cv_prog_CXXCPP='cl -E'
ac_cv_prog_ac_ct_CC=cl
ac_cv_prog_ac_ct_CXX=cl
ac_cv_prog_cc_g=yes
ac_cv_prog_cxx_g=no
ac_cv_prog_make_make_set=no
liv_cv_cxx_bool=no
liv_cv_cxx_false=no
liv_cv_cxx_has_placement_new=no
liv_cv_cxx_true=no

## ------------ ##
## confdefs.h.  ##
## ------------ ##

#ifdef __cplusplus
void exit (int);
#endif
#define bool int
#define true 1
#define false 0


configure: exit 1
